<?xml version="1.0" encoding="UTF-8"?>
<!-- Generated by org.testng.reporters.JUnitReportReporter -->
<testsuite skipped="3" hostname="DESKTOP-1BVA85T" name="com.bookerapi.testcases.TC001_Get_All_Booking_Ids" tests="12" failures="1" timestamp="2022-06-20T22:01:09 IST" time="0.459" errors="0">
  <testcase name="checkContentType_TC001" time="0.008" classname="com.bookerapi.testcases.TC001_Get_All_Booking_Ids"/>
  <system-out/>
  <testcase name="checkResponseTime_TC001" time="0.010" classname="com.bookerapi.testcases.TC001_Get_All_Booking_Ids">
    <skipped/>
  </testcase> <!-- checkResponseTime_TC001 -->
  <system-out/>
  <testcase name="checkResponseTime_TC001" time="0.041" classname="com.bookerapi.testcases.TC001_Get_All_Booking_Ids">
    <failure type="java.lang.AssertionError" message="expected [true] but found [false]">
      <![CDATA[java.lang.AssertionError: expected [true] but found [false]
at org.testng.Assert.fail(Assert.java:99)
at org.testng.Assert.failNotEquals(Assert.java:1037)
at org.testng.Assert.assertTrue(Assert.java:45)
at org.testng.Assert.assertTrue(Assert.java:55)
at com.bookerapi.testcases.TC001_Get_All_Booking_Ids.checkResponseTime_TC001(TC001_Get_All_Booking_Ids.java:51)
at sun.reflect.NativeMethodAccessorImpl.invoke0(Native Method)
at sun.reflect.NativeMethodAccessorImpl.invoke(NativeMethodAccessorImpl.java:62)
at sun.reflect.DelegatingMethodAccessorImpl.invoke(DelegatingMethodAccessorImpl.java:43)
at java.lang.reflect.Method.invoke(Method.java:498)
at org.testng.internal.MethodInvocationHelper.invokeMethod(MethodInvocationHelper.java:133)
at org.testng.internal.TestInvoker.invokeMethod(TestInvoker.java:598)
at org.testng.internal.TestInvoker.retryFailed(TestInvoker.java:213)
at org.testng.internal.MethodRunner.runInSequence(MethodRunner.java:58)
at org.testng.internal.TestInvoker$MethodInvocationAgent.invoke(TestInvoker.java:824)
at org.testng.internal.TestInvoker.invokeTestMethods(TestInvoker.java:146)
at org.testng.internal.TestMethodWorker.invokeTestMethods(TestMethodWorker.java:146)
at org.testng.internal.TestMethodWorker.run(TestMethodWorker.java:128)
at java.util.ArrayList.forEach(ArrayList.java:1249)
at org.testng.TestRunner.privateRun(TestRunner.java:794)
at org.testng.TestRunner.run(TestRunner.java:596)
at org.testng.SuiteRunner.runTest(SuiteRunner.java:377)
at org.testng.SuiteRunner.runSequentially(SuiteRunner.java:371)
at org.testng.SuiteRunner.privateRun(SuiteRunner.java:332)
at org.testng.SuiteRunner.run(SuiteRunner.java:276)
at org.testng.SuiteRunnerWorker.runSuite(SuiteRunnerWorker.java:53)
at org.testng.SuiteRunnerWorker.run(SuiteRunnerWorker.java:96)
at org.testng.TestNG.runSuitesSequentially(TestNG.java:1212)
at org.testng.TestNG.runSuitesLocally(TestNG.java:1134)
at org.testng.TestNG.runSuites(TestNG.java:1063)
at org.testng.TestNG.run(TestNG.java:1031)
at org.testng.remote.AbstractRemoteTestNG.run(AbstractRemoteTestNG.java:115)
at org.testng.remote.RemoteTestNG.initAndRun(RemoteTestNG.java:251)
at org.testng.remote.RemoteTestNG.main(RemoteTestNG.java:77)
]]>
    </failure>
  </testcase> <!-- checkResponseTime_TC001 -->
  <system-out/>
  <testcase name="checkStatusCode_TC001" time="0.003" classname="com.bookerapi.testcases.TC001_Get_All_Booking_Ids"/>
  <system-out/>
  <testcase name="checkContentEncoding_TC001" time="0.019" classname="com.bookerapi.testcases.TC001_Get_All_Booking_Ids"/>
  <system-out/>
  <testcase name="checkResponseBody_TC001" time="0.339" classname="com.bookerapi.testcases.TC001_Get_All_Booking_Ids"/>
  <system-out/>
  <testcase name="checkStatusLine_TC001" time="0.007" classname="com.bookerapi.testcases.TC001_Get_All_Booking_Ids"/>
  <system-out/>
  <testcase name="checkResponseTime_TC001" time="0.003" classname="com.bookerapi.testcases.TC001_Get_All_Booking_Ids">
    <skipped/>
  </testcase> <!-- checkResponseTime_TC001 -->
  <system-out/>
  <testcase name="checkCookies_TC001" time="0.017" classname="com.bookerapi.testcases.TC001_Get_All_Booking_Ids"/>
  <system-out/>
  <testcase name="checkServerType_TC001" time="0.005" classname="com.bookerapi.testcases.TC001_Get_All_Booking_Ids"/>
  <system-out/>
  <testcase name="checkContentLength_TC001" time="0.003" classname="com.bookerapi.testcases.TC001_Get_All_Booking_Ids"/>
  <system-out/>
  <testcase name="checkResponseTime_TC001" time="0.004" classname="com.bookerapi.testcases.TC001_Get_All_Booking_Ids">
    <skipped/>
  </testcase> <!-- checkResponseTime_TC001 -->
  <system-out/>
</testsuite> <!-- com.bookerapi.testcases.TC001_Get_All_Booking_Ids -->
