<?xml version="1.0" encoding="UTF-8"?>
<!-- Generated by org.testng.reporters.JUnitReportReporter -->
<testsuite hostname="DESKTOP-1BVA85T" failures="0" tests="2" name="org.electropedia.testcases.VocabularyPageTest" time="2.793" errors="0" timestamp="2022-06-26T09:35:17 IST" skipped="0">
  <testcase classname="org.electropedia.testcases.VocabularyPageTest" name="checkPageTitle" time="0.023"/>
  <system-out/>
  <testcase classname="org.electropedia.testcases.VocabularyPageTest" name="checkLink" time="2.770"/>
  <system-out/>
</testsuite> <!-- org.electropedia.testcases.VocabularyPageTest -->
