<?xml version="1.0" encoding="UTF-8"?>
<!-- Generated by org.testng.reporters.JUnitReportReporter -->
<testsuite hostname="DESKTOP-1BVA85T" failures="0" tests="2" name="org.electropedia.testcases.DiscriptionPageTest" time="3.366" errors="0" timestamp="2022-06-26T17:56:36 IST" skipped="0">
  <testcase classname="org.electropedia.testcases.DiscriptionPageTest" name="saveIEVRefDataIntoTable" time="3.317"/>
  <system-out/>
  <testcase classname="org.electropedia.testcases.DiscriptionPageTest" name="checkTblTitle" time="0.049"/>
  <system-out/>
</testsuite> <!-- org.electropedia.testcases.DiscriptionPageTest -->
